Determining if the pthread_create exist failed with the following output:
Change Dir: /localhome/demo/Kastner/GraphMap/build/debug/CMakeFiles/CMakeTmp

Run Build Command:"/usr/bin/make" "cmTC_283a2/fast"
make[1]: Entering directory '/localhome/demo/Kastner/GraphMap/build/debug/CMakeFiles/CMakeTmp'
/usr/bin/make -f CMakeFiles/cmTC_283a2.dir/build.make CMakeFiles/cmTC_283a2.dir/build
make[2]: Entering directory '/localhome/demo/Kastner/GraphMap/build/debug/CMakeFiles/CMakeTmp'
Building C object CMakeFiles/cmTC_283a2.dir/CheckSymbolExists.c.o
/usr/bin/cc     -o CMakeFiles/cmTC_283a2.dir/CheckSymbolExists.c.o   -c /localhome/demo/Kastner/GraphMap/build/debug/CMakeFiles/CMakeTmp/CheckSymbolExists.c
Linking C executable cmTC_283a2
/usr/bin/cmake -E cmake_link_script CMakeFiles/cmTC_283a2.dir/link.txt --verbose=1
/usr/bin/cc       CMakeFiles/cmTC_283a2.dir/CheckSymbolExists.c.o  -o cmTC_283a2 -rdynamic 
CMakeFiles/cmTC_283a2.dir/CheckSymbolExists.c.o: In function `main':
CheckSymbolExists.c:(.text+0x16): undefined reference to `pthread_create'
collect2: error: ld returned 1 exit status
CMakeFiles/cmTC_283a2.dir/build.make:97: recipe for target 'cmTC_283a2' failed
make[2]: *** [cmTC_283a2] Error 1
make[2]: Leaving directory '/localhome/demo/Kastner/GraphMap/build/debug/CMakeFiles/CMakeTmp'
Makefile:126: recipe for target 'cmTC_283a2/fast' failed
make[1]: *** [cmTC_283a2/fast] Error 2
make[1]: Leaving directory '/localhome/demo/Kastner/GraphMap/build/debug/CMakeFiles/CMakeTmp'

File /localhome/demo/Kastner/GraphMap/build/debug/CMakeFiles/CMakeTmp/CheckSymbolExists.c:
/* */
#include <pthread.h>

int main(int argc, char** argv)
{
  (void)argv;
#ifndef pthread_create
  return ((int*)(&pthread_create))[argc];
#else
  (void)argc;
  return 0;
#endif
}

Determining if the function pthread_create exists in the pthreads failed with the following output:
Change Dir: /localhome/demo/Kastner/GraphMap/build/debug/CMakeFiles/CMakeTmp

Run Build Command:"/usr/bin/make" "cmTC_19a7d/fast"
make[1]: Entering directory '/localhome/demo/Kastner/GraphMap/build/debug/CMakeFiles/CMakeTmp'
/usr/bin/make -f CMakeFiles/cmTC_19a7d.dir/build.make CMakeFiles/cmTC_19a7d.dir/build
make[2]: Entering directory '/localhome/demo/Kastner/GraphMap/build/debug/CMakeFiles/CMakeTmp'
Building C object CMakeFiles/cmTC_19a7d.dir/CheckFunctionExists.c.o
/usr/bin/cc    -DCHECK_FUNCTION_EXISTS=pthread_create   -o CMakeFiles/cmTC_19a7d.dir/CheckFunctionExists.c.o   -c /usr/share/cmake-3.5/Modules/CheckFunctionExists.c
Linking C executable cmTC_19a7d
/usr/bin/cmake -E cmake_link_script CMakeFiles/cmTC_19a7d.dir/link.txt --verbose=1
/usr/bin/cc   -DCHECK_FUNCTION_EXISTS=pthread_create    CMakeFiles/cmTC_19a7d.dir/CheckFunctionExists.c.o  -o cmTC_19a7d -rdynamic -lpthreads 
/usr/bin/ld: cannot find -lpthreads
collect2: error: ld returned 1 exit status
CMakeFiles/cmTC_19a7d.dir/build.make:97: recipe for target 'cmTC_19a7d' failed
make[2]: *** [cmTC_19a7d] Error 1
make[2]: Leaving directory '/localhome/demo/Kastner/GraphMap/build/debug/CMakeFiles/CMakeTmp'
Makefile:126: recipe for target 'cmTC_19a7d/fast' failed
make[1]: *** [cmTC_19a7d/fast] Error 2
make[1]: Leaving directory '/localhome/demo/Kastner/GraphMap/build/debug/CMakeFiles/CMakeTmp'


